-------------------------------------------------------------------------------
Test set: com.diary.torp.web.UserControllerTest
-------------------------------------------------------------------------------
Tests run: 1, Failures: 1, Errors: 0, Skipped: 0, Time elapsed: 0 sec <<< FAILURE! - in com.diary.torp.web.UserControllerTest
test(com.diary.torp.web.UserControllerTest)  Time elapsed: 0 sec  <<< FAILURE!
java.lang.AssertionError: Not yet implemented
	at org.junit.Assert.fail(Assert.java:88)
	at com.diary.torp.web.UserControllerTest.test(UserControllerTest.java:11)

